<?xml version="1.0" encoding="UTF-8"?>
<!-- Generated by org.testng.reporters.JUnitXMLReporter -->
<testsuite hostname="ICPL12225" name="Test_Chrome" tests="2" failures="0" timestamp="1 Feb 2018 06:58:35 GMT" time="36.478" errors="0">
  <testcase name="testOnewayBookingSteps" time="8.718" classname="venkat.journey.tests.FlightBookingOnewaySteps"/>
  <testcase name="testRoundTripFlightBooking" time="6.425" classname="venkat.journey.tests.FlightBookingRoundtripSteps"/>
</testsuite> <!-- Test_Chrome -->
