<?xml version="1.0" encoding="UTF-8"?>
<testng-results skipped="0" failed="1" total="4" passed="3">
  <reporter-output>
    <line>
      <![CDATA[Flights List:PNQ - BOM]]>
    </line>
    <line>
      <![CDATA[Flights List:PNQ - BOM]]>
    </line>
    <line>
      <![CDATA[Flights List:PNQ - BOM]]>
    </line>
    <line>
      <![CDATA[Flights List:PNQ - BOM]]>
    </line>
    <line>
      <![CDATA[Flights List:PNQ - BOM]]>
    </line>
    <line>
      <![CDATA[Flights List:PNQ - BOM]]>
    </line>
    <line>
      <![CDATA[Flights List:PNQ - BOM]]>
    </line>
    <line>
      <![CDATA[Flights List:PNQ - BOM]]>
    </line>
    <line>
      <![CDATA[Flights List:PNQ - BOM]]>
    </line>
    <line>
      <![CDATA[Flights List:PNQ - BOM]]>
    </line>
    <line>
      <![CDATA[Flights List:PNQ - BOM]]>
    </line>
    <line>
      <![CDATA[Flights List:PNQ - BOM]]>
    </line>
    <line>
      <![CDATA[Flights List:PNQ - BOM]]>
    </line>
    <line>
      <![CDATA[Flights List:PNQ - BOM]]>
    </line>
    <line>
      <![CDATA[Flights List:PNQ - BOM]]>
    </line>
    <line>
      <![CDATA[Flights List:PNQ - BOM]]>
    </line>
    <line>
      <![CDATA[Flights List:PNQ - BOM]]>
    </line>
    <line>
      <![CDATA[Flights List:PNQ - BOM]]>
    </line>
    <line>
      <![CDATA[Flights List:PNQ - BOM]]>
    </line>
    <line>
      <![CDATA[Flights List:PNQ - BOM]]>
    </line>
    <line>
      <![CDATA[Total Available flights:20]]>
    </line>
    <line>
      <![CDATA[Sucess TestCase is:testOnewayBookingSteps]]>
    </line>
    <line>
      <![CDATA[Failed TestCase is:testRoundTripFlightBooking]]>
    </line>
    <line>
      <![CDATA[Flights List:PNQ - BOM]]>
    </line>
    <line>
      <![CDATA[Flights List:PNQ - BOM]]>
    </line>
    <line>
      <![CDATA[Flights List:PNQ - BOM]]>
    </line>
    <line>
      <![CDATA[Flights List:PNQ - BOM]]>
    </line>
    <line>
      <![CDATA[Flights List:PNQ - BOM]]>
    </line>
    <line>
      <![CDATA[Flights List:PNQ - BOM]]>
    </line>
    <line>
      <![CDATA[Flights List:PNQ - BOM]]>
    </line>
    <line>
      <![CDATA[Flights List:PNQ - BOM]]>
    </line>
    <line>
      <![CDATA[Flights List:PNQ - BOM]]>
    </line>
    <line>
      <![CDATA[Flights List:PNQ - BOM]]>
    </line>
    <line>
      <![CDATA[Flights List:PNQ - BOM]]>
    </line>
    <line>
      <![CDATA[Flights List:PNQ - BOM]]>
    </line>
    <line>
      <![CDATA[Flights List:PNQ - BOM]]>
    </line>
    <line>
      <![CDATA[Flights List:PNQ - BOM]]>
    </line>
    <line>
      <![CDATA[Flights List:PNQ - BOM]]>
    </line>
    <line>
      <![CDATA[Flights List:PNQ - BOM]]>
    </line>
    <line>
      <![CDATA[Flights List:PNQ - BOM]]>
    </line>
    <line>
      <![CDATA[Flights List:PNQ - BOM]]>
    </line>
    <line>
      <![CDATA[Flights List:PNQ - BOM]]>
    </line>
    <line>
      <![CDATA[Flights List:PNQ - BOM]]>
    </line>
    <line>
      <![CDATA[Total Available flights:20]]>
    </line>
    <line>
      <![CDATA[Sucess TestCase is:testOnewayBookingSteps]]>
    </line>
    <line>
      <![CDATA[Flights List:PNQ - BOM]]>
    </line>
    <line>
      <![CDATA[Flights List:PNQ - BOM]]>
    </line>
    <line>
      <![CDATA[Flights List:PNQ - BOM]]>
    </line>
    <line>
      <![CDATA[Flights List:PNQ - BOM]]>
    </line>
    <line>
      <![CDATA[Flights List:PNQ - BOM]]>
    </line>
    <line>
      <![CDATA[Flights List:PNQ - BOM]]>
    </line>
    <line>
      <![CDATA[Flights List:PNQ - BOM]]>
    </line>
    <line>
      <![CDATA[Flights List:PNQ - BOM]]>
    </line>
    <line>
      <![CDATA[Flights List:PNQ - BOM]]>
    </line>
    <line>
      <![CDATA[Total Available flights:9]]>
    </line>
    <line>
      <![CDATA[Sucess TestCase is:testRoundTripFlightBooking]]>
    </line>
  </reporter-output>
  <suite name="Suite" duration-ms="118820" started-at="2018-02-01T06:56:37Z" finished-at="2018-02-01T06:58:35Z">
    <groups>
    </groups>
    <test name="Test_Firefox" duration-ms="82324" started-at="2018-02-01T06:56:37Z" finished-at="2018-02-01T06:57:59Z">
      <class name="venkat.journey.tests.FlightBookingOnewaySteps">
        <test-method status="PASS" signature="openApplication(java.lang.String)[pri:0, instance:venkat.journey.tests.FlightBookingOnewaySteps@3532ec19]" name="openApplication" is-config="true" duration-ms="14839" started-at="2018-02-01T12:26:37Z" finished-at="2018-02-01T12:26:52Z">
          <params>
            <param index="0">
              <value>
                <![CDATA[firefox]]>
              </value>
            </param>
          </params>
          <reporter-output>
          </reporter-output>
        </test-method> <!-- openApplication -->
        <test-method status="PASS" signature="testOnewayBookingSteps()[pri:0, instance:venkat.journey.tests.FlightBookingOnewaySteps@3532ec19]" name="testOnewayBookingSteps" duration-ms="9603" started-at="2018-02-01T12:26:52Z" finished-at="2018-02-01T12:27:01Z">
          <reporter-output>
            <line>
              <![CDATA[Flights List:PNQ - BOM]]>
            </line>
            <line>
              <![CDATA[Flights List:PNQ - BOM]]>
            </line>
            <line>
              <![CDATA[Flights List:PNQ - BOM]]>
            </line>
            <line>
              <![CDATA[Flights List:PNQ - BOM]]>
            </line>
            <line>
              <![CDATA[Flights List:PNQ - BOM]]>
            </line>
            <line>
              <![CDATA[Flights List:PNQ - BOM]]>
            </line>
            <line>
              <![CDATA[Flights List:PNQ - BOM]]>
            </line>
            <line>
              <![CDATA[Flights List:PNQ - BOM]]>
            </line>
            <line>
              <![CDATA[Flights List:PNQ - BOM]]>
            </line>
            <line>
              <![CDATA[Flights List:PNQ - BOM]]>
            </line>
            <line>
              <![CDATA[Flights List:PNQ - BOM]]>
            </line>
            <line>
              <![CDATA[Flights List:PNQ - BOM]]>
            </line>
            <line>
              <![CDATA[Flights List:PNQ - BOM]]>
            </line>
            <line>
              <![CDATA[Flights List:PNQ - BOM]]>
            </line>
            <line>
              <![CDATA[Flights List:PNQ - BOM]]>
            </line>
            <line>
              <![CDATA[Flights List:PNQ - BOM]]>
            </line>
            <line>
              <![CDATA[Flights List:PNQ - BOM]]>
            </line>
            <line>
              <![CDATA[Flights List:PNQ - BOM]]>
            </line>
            <line>
              <![CDATA[Flights List:PNQ - BOM]]>
            </line>
            <line>
              <![CDATA[Flights List:PNQ - BOM]]>
            </line>
            <line>
              <![CDATA[Total Available flights:20]]>
            </line>
            <line>
              <![CDATA[Sucess TestCase is:testOnewayBookingSteps]]>
            </line>
          </reporter-output>
        </test-method> <!-- testOnewayBookingSteps -->
        <test-method status="PASS" signature="closeApplication(org.testng.ITestResult)[pri:0, instance:venkat.journey.tests.FlightBookingOnewaySteps@3532ec19]" name="closeApplication" is-config="true" duration-ms="2081" started-at="2018-02-01T12:27:02Z" finished-at="2018-02-01T12:27:04Z">
          <params>
            <param index="0">
              <value>
                <![CDATA[[TestResult name=testOnewayBookingSteps status=SUCCESS method=FlightBookingOnewaySteps.testOnewayBookingSteps()[pri:0, instance:venkat.journey.tests.FlightBookingOnewaySteps@3532ec19] output=Flights List:PNQ - BOM]]]>
              </value>
            </param>
          </params>
          <reporter-output>
          </reporter-output>
        </test-method> <!-- closeApplication -->
      </class> <!-- venkat.journey.tests.FlightBookingOnewaySteps -->
      <class name="venkat.journey.tests.FlightBookingRoundtripSteps">
        <test-method status="PASS" signature="openApplication(java.lang.String)[pri:0, instance:venkat.journey.tests.FlightBookingRoundtripSteps@4c70fda8]" name="openApplication" is-config="true" duration-ms="18655" started-at="2018-02-01T12:27:04Z" finished-at="2018-02-01T12:27:22Z">
          <params>
            <param index="0">
              <value>
                <![CDATA[firefox]]>
              </value>
            </param>
          </params>
          <reporter-output>
          </reporter-output>
        </test-method> <!-- openApplication -->
        <test-method status="FAIL" signature="testRoundTripFlightBooking()[pri:0, instance:venkat.journey.tests.FlightBookingRoundtripSteps@4c70fda8]" name="testRoundTripFlightBooking" duration-ms="35565" started-at="2018-02-01T12:27:22Z" finished-at="2018-02-01T12:27:58Z">
          <exception class="org.openqa.selenium.NoSuchElementException">
            <message>
              <![CDATA[Unable to locate element: //select[@name='sort']
For documentation on this error, please visit: http://seleniumhq.org/exceptions/no_such_element.html
Build info: version: '3.7.1', revision: '8a0099a', time: '2017-11-06T21:01:39.354Z'
System info: host: 'ICPL12225', ip: '10.11.31.179', os.name: 'Windows 10', os.arch: 'amd64', os.version: '10.0', java.version: '1.8.0_151'
Driver info: org.openqa.selenium.firefox.FirefoxDriver
Capabilities {acceptInsecureCerts: true, browserName: firefox, browserVersion: 58.0.1, javascriptEnabled: true, moz:accessibilityChecks: false, moz:headless: false, moz:processID: 4488, moz:profile: C:\Users\venkatarami.reddy\..., moz:webdriverClick: true, pageLoadStrategy: normal, platform: XP, platformName: XP, platformVersion: 10.0, rotatable: false, timeouts: {implicit: 0, pageLoad: 300000, script: 30000}}
Session ID: 07216898-9307-4a23-a0da-d61afca86cf6
*** Element info: {Using=xpath, value=//select[@name='sort']}]]>
            </message>
            <full-stacktrace>
              <![CDATA[org.openqa.selenium.NoSuchElementException: Unable to locate element: //select[@name='sort']
For documentation on this error, please visit: http://seleniumhq.org/exceptions/no_such_element.html
Build info: version: '3.7.1', revision: '8a0099a', time: '2017-11-06T21:01:39.354Z'
System info: host: 'ICPL12225', ip: '10.11.31.179', os.name: 'Windows 10', os.arch: 'amd64', os.version: '10.0', java.version: '1.8.0_151'
Driver info: org.openqa.selenium.firefox.FirefoxDriver
Capabilities {acceptInsecureCerts: true, browserName: firefox, browserVersion: 58.0.1, javascriptEnabled: true, moz:accessibilityChecks: false, moz:headless: false, moz:processID: 4488, moz:profile: C:\Users\venkatarami.reddy\..., moz:webdriverClick: true, pageLoadStrategy: normal, platform: XP, platformName: XP, platformVersion: 10.0, rotatable: false, timeouts: {implicit: 0, pageLoad: 300000, script: 30000}}
Session ID: 07216898-9307-4a23-a0da-d61afca86cf6
*** Element info: {Using=xpath, value=//select[@name='sort']}
	at sun.reflect.NativeConstructorAccessorImpl.newInstance0(Native Method)
	at sun.reflect.NativeConstructorAccessorImpl.newInstance(NativeConstructorAccessorImpl.java:62)
	at sun.reflect.DelegatingConstructorAccessorImpl.newInstance(DelegatingConstructorAccessorImpl.java:45)
	at java.lang.reflect.Constructor.newInstance(Constructor.java:423)
	at org.openqa.selenium.remote.http.W3CHttpResponseCodec.createException(W3CHttpResponseCodec.java:187)
	at org.openqa.selenium.remote.http.W3CHttpResponseCodec.decode(W3CHttpResponseCodec.java:122)
	at org.openqa.selenium.remote.http.W3CHttpResponseCodec.decode(W3CHttpResponseCodec.java:49)
	at org.openqa.selenium.remote.HttpCommandExecutor.execute(HttpCommandExecutor.java:164)
	at org.openqa.selenium.remote.service.DriverCommandExecutor.execute(DriverCommandExecutor.java:83)
	at org.openqa.selenium.remote.RemoteWebDriver.execute(RemoteWebDriver.java:600)
	at org.openqa.selenium.remote.RemoteWebDriver.findElement(RemoteWebDriver.java:370)
	at org.openqa.selenium.remote.RemoteWebDriver.findElementByXPath(RemoteWebDriver.java:472)
	at org.openqa.selenium.By$ByXPath.findElement(By.java:361)
	at org.openqa.selenium.remote.RemoteWebDriver.findElement(RemoteWebDriver.java:362)
	at org.openqa.selenium.support.pagefactory.DefaultElementLocator.findElement(DefaultElementLocator.java:69)
	at org.openqa.selenium.support.pagefactory.internal.LocatingElementHandler.invoke(LocatingElementHandler.java:38)
	at com.sun.proxy.$Proxy13.getTagName(Unknown Source)
	at org.openqa.selenium.support.ui.Select.<init>(Select.java:44)
	at venkat.journey.pages.FlightsSearchResultsPage.selectFilter(FlightsSearchResultsPage.java:69)
	at venkat.journey.tests.FlightBookingRoundtripSteps.testRoundTripFlightBooking(FlightBookingRoundtripSteps.java:22)
	at sun.reflect.NativeMethodAccessorImpl.invoke0(Native Method)
	at sun.reflect.NativeMethodAccessorImpl.invoke(NativeMethodAccessorImpl.java:62)
	at sun.reflect.DelegatingMethodAccessorImpl.invoke(DelegatingMethodAccessorImpl.java:43)
	at java.lang.reflect.Method.invoke(Method.java:498)
	at org.testng.internal.MethodInvocationHelper.invokeMethod(MethodInvocationHelper.java:80)
	at org.testng.internal.Invoker.invokeMethod(Invoker.java:714)
	at org.testng.internal.Invoker.invokeTestMethod(Invoker.java:901)
	at org.testng.internal.Invoker.invokeTestMethods(Invoker.java:1231)
	at org.testng.internal.TestMethodWorker.invokeTestMethods(TestMethodWorker.java:127)
	at org.testng.internal.TestMethodWorker.run(TestMethodWorker.java:111)
	at org.testng.TestRunner.privateRun(TestRunner.java:767)
	at org.testng.TestRunner.run(TestRunner.java:617)
	at org.testng.SuiteRunner.runTest(SuiteRunner.java:334)
	at org.testng.SuiteRunner.runSequentially(SuiteRunner.java:329)
	at org.testng.SuiteRunner.privateRun(SuiteRunner.java:291)
	at org.testng.SuiteRunner.run(SuiteRunner.java:240)
	at org.testng.SuiteRunnerWorker.runSuite(SuiteRunnerWorker.java:52)
	at org.testng.SuiteRunnerWorker.run(SuiteRunnerWorker.java:86)
	at org.testng.TestNG.runSuitesSequentially(TestNG.java:1198)
	at org.testng.TestNG.runSuitesLocally(TestNG.java:1123)
	at org.testng.TestNG.run(TestNG.java:1031)
	at org.testng.remote.AbstractRemoteTestNG.run(AbstractRemoteTestNG.java:114)
	at org.testng.remote.RemoteTestNG.initAndRun(RemoteTestNG.java:251)
	at org.testng.remote.RemoteTestNG.main(RemoteTestNG.java:77)
]]>
            </full-stacktrace>
          </exception> <!-- org.openqa.selenium.NoSuchElementException -->
          <reporter-output>
            <line>
              <![CDATA[Failed TestCase is:testRoundTripFlightBooking]]>
            </line>
          </reporter-output>
        </test-method> <!-- testRoundTripFlightBooking -->
        <test-method status="PASS" signature="closeApplication(org.testng.ITestResult)[pri:0, instance:venkat.journey.tests.FlightBookingRoundtripSteps@4c70fda8]" name="closeApplication" is-config="true" duration-ms="740" started-at="2018-02-01T12:27:58Z" finished-at="2018-02-01T12:27:59Z">
          <params>
            <param index="0">
              <value>
                <![CDATA[[TestResult name=testRoundTripFlightBooking status=FAILURE method=FlightBookingRoundtripSteps.testRoundTripFlightBooking()[pri:0, instance:venkat.journey.tests.FlightBookingRoundtripSteps@4c70fda8] output=Failed TestCase is:testRoundTripFlightBooking]]]>
              </value>
            </param>
          </params>
          <reporter-output>
          </reporter-output>
        </test-method> <!-- closeApplication -->
      </class> <!-- venkat.journey.tests.FlightBookingRoundtripSteps -->
    </test> <!-- Test_Firefox -->
    <test name="Test_Chrome" duration-ms="36478" started-at="2018-02-01T06:57:59Z" finished-at="2018-02-01T06:58:35Z">
      <class name="venkat.journey.tests.FlightBookingOnewaySteps">
        <test-method status="PASS" signature="openApplication(java.lang.String)[pri:0, instance:venkat.journey.tests.FlightBookingOnewaySteps@57baeedf]" name="openApplication" is-config="true" duration-ms="9779" started-at="2018-02-01T12:27:59Z" finished-at="2018-02-01T12:28:09Z">
          <params>
            <param index="0">
              <value>
                <![CDATA[chrome]]>
              </value>
            </param>
          </params>
          <reporter-output>
          </reporter-output>
        </test-method> <!-- openApplication -->
        <test-method status="PASS" signature="testOnewayBookingSteps()[pri:0, instance:venkat.journey.tests.FlightBookingOnewaySteps@57baeedf]" name="testOnewayBookingSteps" duration-ms="8718" started-at="2018-02-01T12:28:09Z" finished-at="2018-02-01T12:28:18Z">
          <reporter-output>
            <line>
              <![CDATA[Flights List:PNQ - BOM]]>
            </line>
            <line>
              <![CDATA[Flights List:PNQ - BOM]]>
            </line>
            <line>
              <![CDATA[Flights List:PNQ - BOM]]>
            </line>
            <line>
              <![CDATA[Flights List:PNQ - BOM]]>
            </line>
            <line>
              <![CDATA[Flights List:PNQ - BOM]]>
            </line>
            <line>
              <![CDATA[Flights List:PNQ - BOM]]>
            </line>
            <line>
              <![CDATA[Flights List:PNQ - BOM]]>
            </line>
            <line>
              <![CDATA[Flights List:PNQ - BOM]]>
            </line>
            <line>
              <![CDATA[Flights List:PNQ - BOM]]>
            </line>
            <line>
              <![CDATA[Flights List:PNQ - BOM]]>
            </line>
            <line>
              <![CDATA[Flights List:PNQ - BOM]]>
            </line>
            <line>
              <![CDATA[Flights List:PNQ - BOM]]>
            </line>
            <line>
              <![CDATA[Flights List:PNQ - BOM]]>
            </line>
            <line>
              <![CDATA[Flights List:PNQ - BOM]]>
            </line>
            <line>
              <![CDATA[Flights List:PNQ - BOM]]>
            </line>
            <line>
              <![CDATA[Flights List:PNQ - BOM]]>
            </line>
            <line>
              <![CDATA[Flights List:PNQ - BOM]]>
            </line>
            <line>
              <![CDATA[Flights List:PNQ - BOM]]>
            </line>
            <line>
              <![CDATA[Flights List:PNQ - BOM]]>
            </line>
            <line>
              <![CDATA[Flights List:PNQ - BOM]]>
            </line>
            <line>
              <![CDATA[Total Available flights:20]]>
            </line>
            <line>
              <![CDATA[Sucess TestCase is:testOnewayBookingSteps]]>
            </line>
          </reporter-output>
        </test-method> <!-- testOnewayBookingSteps -->
        <test-method status="PASS" signature="closeApplication(org.testng.ITestResult)[pri:0, instance:venkat.journey.tests.FlightBookingOnewaySteps@57baeedf]" name="closeApplication" is-config="true" duration-ms="589" started-at="2018-02-01T12:28:18Z" finished-at="2018-02-01T12:28:18Z">
          <params>
            <param index="0">
              <value>
                <![CDATA[[TestResult name=testOnewayBookingSteps status=SUCCESS method=FlightBookingOnewaySteps.testOnewayBookingSteps()[pri:0, instance:venkat.journey.tests.FlightBookingOnewaySteps@57baeedf] output=Flights List:PNQ - BOM]]]>
              </value>
            </param>
          </params>
          <reporter-output>
          </reporter-output>
        </test-method> <!-- closeApplication -->
      </class> <!-- venkat.journey.tests.FlightBookingOnewaySteps -->
      <class name="venkat.journey.tests.FlightBookingRoundtripSteps">
        <test-method status="PASS" signature="createReport()[pri:0, instance:venkat.journey.tests.FlightBookingRoundtripSteps@42e26948]" name="createReport" is-config="true" duration-ms="157" started-at="2018-02-01T12:26:37Z" finished-at="2018-02-01T12:26:37Z">
          <reporter-output>
          </reporter-output>
        </test-method> <!-- createReport -->
        <test-method status="PASS" signature="openApplication(java.lang.String)[pri:0, instance:venkat.journey.tests.FlightBookingRoundtripSteps@42e26948]" name="openApplication" is-config="true" duration-ms="9960" started-at="2018-02-01T12:28:18Z" finished-at="2018-02-01T12:28:28Z">
          <params>
            <param index="0">
              <value>
                <![CDATA[chrome]]>
              </value>
            </param>
          </params>
          <reporter-output>
          </reporter-output>
        </test-method> <!-- openApplication -->
        <test-method status="PASS" signature="testRoundTripFlightBooking()[pri:0, instance:venkat.journey.tests.FlightBookingRoundtripSteps@42e26948]" name="testRoundTripFlightBooking" duration-ms="6425" started-at="2018-02-01T12:28:28Z" finished-at="2018-02-01T12:28:35Z">
          <reporter-output>
            <line>
              <![CDATA[Flights List:PNQ - BOM]]>
            </line>
            <line>
              <![CDATA[Flights List:PNQ - BOM]]>
            </line>
            <line>
              <![CDATA[Flights List:PNQ - BOM]]>
            </line>
            <line>
              <![CDATA[Flights List:PNQ - BOM]]>
            </line>
            <line>
              <![CDATA[Flights List:PNQ - BOM]]>
            </line>
            <line>
              <![CDATA[Flights List:PNQ - BOM]]>
            </line>
            <line>
              <![CDATA[Flights List:PNQ - BOM]]>
            </line>
            <line>
              <![CDATA[Flights List:PNQ - BOM]]>
            </line>
            <line>
              <![CDATA[Flights List:PNQ - BOM]]>
            </line>
            <line>
              <![CDATA[Total Available flights:9]]>
            </line>
            <line>
              <![CDATA[Sucess TestCase is:testRoundTripFlightBooking]]>
            </line>
          </reporter-output>
        </test-method> <!-- testRoundTripFlightBooking -->
        <test-method status="PASS" signature="closeApplication(org.testng.ITestResult)[pri:0, instance:venkat.journey.tests.FlightBookingRoundtripSteps@42e26948]" name="closeApplication" is-config="true" duration-ms="606" started-at="2018-02-01T12:28:35Z" finished-at="2018-02-01T12:28:35Z">
          <params>
            <param index="0">
              <value>
                <![CDATA[[TestResult name=testRoundTripFlightBooking status=SUCCESS method=FlightBookingRoundtripSteps.testRoundTripFlightBooking()[pri:0, instance:venkat.journey.tests.FlightBookingRoundtripSteps@42e26948] output=Flights List:PNQ - BOM]]]>
              </value>
            </param>
          </params>
          <reporter-output>
          </reporter-output>
        </test-method> <!-- closeApplication -->
        <test-method status="PASS" signature="flush()[pri:0, instance:venkat.journey.tests.FlightBookingRoundtripSteps@42e26948]" name="flush" is-config="true" duration-ms="259" started-at="2018-02-01T12:28:35Z" finished-at="2018-02-01T12:28:36Z">
          <reporter-output>
          </reporter-output>
        </test-method> <!-- flush -->
      </class> <!-- venkat.journey.tests.FlightBookingRoundtripSteps -->
    </test> <!-- Test_Chrome -->
  </suite> <!-- Suite -->
</testng-results>
